<?xml version="1.0" encoding="UTF-8"?>
<!-- Generated by org.testng.reporters.JUnitXMLReporter -->
<testsuite hostname="DESKTOP-AGPO435" ignored="6" name="FireFox_Test" tests="6" failures="0" timestamp="04 Apr 2018 19:00:30 GMT" time="38.688" errors="0">
  <testcase name="verifyStartPage" time="0.121" classname="CrossBrowser_MobileDeTests.MobileDe_LoginTest"/>
  <testcase name="verifyLogin" time="4.27" classname="CrossBrowser_MobileDeTests.MobileDe_LoginTest"/>
  <testcase name="verifyQuickSearch" time="6.366" classname="CrossBrowser_MobileDeTests.MobileDe_QuickSearchTest"/>
  <testcase name="verifyQuickSearch" time="5.379" classname="CrossBrowser_MobileDeTests.MobileDe_QuickSearchTest"/>
  <testcase name="verifyQuickSearch" time="5.392" classname="CrossBrowser_MobileDeTests.MobileDe_QuickSearchTest"/>
  <testcase name="verifyDetailedSearch" time="9.416" classname="CrossBrowser_MobileDeTests.MobileDe_DetailedSearchTest"/>
  <testcase name="@AfterTest afterTest" time="0.0" classname="CrossBrowser_MobileDeTests.MobileDe_Tests">
    <ignored/>
  </testcase> <!-- @AfterTest afterTest -->
  <testcase name="@AfterTest afterTest" time="0.0" classname="CrossBrowser_MobileDeTests.MobileDe_Tests">
    <ignored/>
  </testcase> <!-- @AfterTest afterTest -->
  <testcase name="@AfterTest afterTest" time="0.0" classname="CrossBrowser_MobileDeTests.MobileDe_Tests">
    <ignored/>
  </testcase> <!-- @AfterTest afterTest -->
  <testcase name="@BeforeTest beforeTest" time="0.0" classname="CrossBrowser_MobileDeTests.MobileDe_Tests">
    <ignored/>
  </testcase> <!-- @BeforeTest beforeTest -->
  <testcase name="@BeforeTest beforeTest" time="0.0" classname="CrossBrowser_MobileDeTests.MobileDe_Tests">
    <ignored/>
  </testcase> <!-- @BeforeTest beforeTest -->
  <testcase name="@BeforeTest beforeTest" time="0.0" classname="CrossBrowser_MobileDeTests.MobileDe_Tests">
    <ignored/>
  </testcase> <!-- @BeforeTest beforeTest -->
</testsuite> <!-- FireFox_Test -->
