<?xml version="1.0" encoding="UTF-8"?>
<!-- Generated by org.testng.reporters.JUnitXMLReporter -->
<testsuite hostname="DESKTOP-AGPO435" ignored="6" name="IE_Test" tests="6" failures="0" timestamp="04 Apr 2018 19:01:09 GMT" time="39.144" errors="0">
  <testcase name="verifyStartPage" time="0.025" classname="CrossBrowser_MobileDeTests.MobileDe_LoginTest"/>
  <testcase name="verifyLogin" time="3.199" classname="CrossBrowser_MobileDeTests.MobileDe_LoginTest"/>
  <testcase name="verifyQuickSearch" time="8.28" classname="CrossBrowser_MobileDeTests.MobileDe_QuickSearchTest"/>
  <testcase name="verifyQuickSearch" time="7.312" classname="CrossBrowser_MobileDeTests.MobileDe_QuickSearchTest"/>
  <testcase name="verifyQuickSearch" time="6.528" classname="CrossBrowser_MobileDeTests.MobileDe_QuickSearchTest"/>
  <testcase name="verifyDetailedSearch" time="6.472" classname="CrossBrowser_MobileDeTests.MobileDe_DetailedSearchTest"/>
  <testcase name="@AfterTest afterTest" time="0.0" classname="CrossBrowser_MobileDeTests.MobileDe_Tests">
    <ignored/>
  </testcase> <!-- @AfterTest afterTest -->
  <testcase name="@AfterTest afterTest" time="0.0" classname="CrossBrowser_MobileDeTests.MobileDe_Tests">
    <ignored/>
  </testcase> <!-- @AfterTest afterTest -->
  <testcase name="@AfterTest afterTest" time="0.0" classname="CrossBrowser_MobileDeTests.MobileDe_Tests">
    <ignored/>
  </testcase> <!-- @AfterTest afterTest -->
  <testcase name="@BeforeTest beforeTest" time="0.0" classname="CrossBrowser_MobileDeTests.MobileDe_Tests">
    <ignored/>
  </testcase> <!-- @BeforeTest beforeTest -->
  <testcase name="@BeforeTest beforeTest" time="0.0" classname="CrossBrowser_MobileDeTests.MobileDe_Tests">
    <ignored/>
  </testcase> <!-- @BeforeTest beforeTest -->
  <testcase name="@BeforeTest beforeTest" time="0.0" classname="CrossBrowser_MobileDeTests.MobileDe_Tests">
    <ignored/>
  </testcase> <!-- @BeforeTest beforeTest -->
</testsuite> <!-- IE_Test -->
