<?xml version="1.0" encoding="UTF-8"?>
<!-- Generated by org.testng.reporters.JUnitReportReporter -->
<testsuite skipped="0" hostname="DESKTOP-AGPO435" name="CrossBrowser_Immo24_Tests.Immo24_StartPageTest" tests="2" failures="0" timestamp="29 Mär 2018 08:39:27 GMT" time="10.871" errors="0">
  <testcase name="verifyStartPage" time="0.121" classname="CrossBrowser_Immo24_Tests.Immo24_StartPageTest"/>
  <testcase name="setInputs" time="10.750" classname="CrossBrowser_Immo24_Tests.Immo24_StartPageTest"/>
</testsuite> <!-- CrossBrowser_Immo24_Tests.Immo24_StartPageTest -->
